Build started 18/9/2562 22:53:46.
     1>Project "C:\Users\User\Desktop\New folder\array_ran\array_ran\array_ran.vcxproj" on node 2 (build target(s)).
     1>InitializeBuildStatus:
         Creating "Debug\array_ran.unsuccessfulbuild" because "AlwaysCreate" was specified.
       ClCompile:
         c:\Program Files (x86)\Microsoft Visual Studio 10.0\VC\bin\CL.exe /c /ZI /nologo /W3 /WX- /Od /Oy- /D WIN32 /D _DEBUG /D _CONSOLE /D _UNICODE /D UNICODE /Gm /EHsc /RTC1 /MDd /GS /fp:precise /Zc:wchar_t /Zc:forScope /Fo"Debug\\" /Fd"Debug\vc100.pdb" /Gd /TP /analyze- /errorReport:prompt array_ran.cpp
         array_ran.cpp
     1>c:\users\user\desktop\new folder\array_ran\array_ran\array_ran.cpp(44): warning C4244: 'argument' : conversion from 'time_t' to 'unsigned int', possible loss of data
       ManifestResourceCompile:
         All outputs are up-to-date.
       Link:
         c:\Program Files (x86)\Microsoft Visual Studio 10.0\VC\bin\link.exe /ERRORREPORT:PROMPT /OUT:"C:\Users\User\Desktop\New folder\array_ran\Debug\array_ran.exe" /INCREMENTAL /NOLOGO kernel32.lib user32.lib gdi32.lib winspool.lib comdlg32.lib advapi32.lib shell32.lib ole32.lib oleaut32.lib uuid.lib odbc32.lib odbccp32.lib /MANIFEST /ManifestFile:"Debug\array_ran.exe.intermediate.manifest" /MANIFESTUAC:"level='asInvoker' uiAccess='false'" /DEBUG /PDB:"C:\Users\User\Desktop\New folder\array_ran\Debug\array_ran.pdb" /SUBSYSTEM:CONSOLE /TLBID:1 /DYNAMICBASE /NXCOMPAT /IMPLIB:"C:\Users\User\Desktop\New folder\array_ran\Debug\array_ran.lib" /MACHINE:X86 Debug\array_ran.exe.embed.manifest.res
         Debug\array_ran.obj
       Manifest:
         c:\Program Files (x86)\Microsoft SDKs\Windows\v7.0A\bin\mt.exe /nologo /verbose /out:"Debug\array_ran.exe.embed.manifest" /manifest Debug\array_ran.exe.intermediate.manifest
         All outputs are up-to-date.
       LinkEmbedManifest:
         All outputs are up-to-date.
         array_ran.vcxproj -> C:\Users\User\Desktop\New folder\array_ran\Debug\array_ran.exe
       FinalizeBuildStatus:
         Deleting file "Debug\array_ran.unsuccessfulbuild".
         Touching "Debug\array_ran.lastbuildstate".
     1>Done Building Project "C:\Users\User\Desktop\New folder\array_ran\array_ran\array_ran.vcxproj" (build target(s)).

Build succeeded.

Time Elapsed 00:00:00.89
